
  .   ____          _            __ _ _
 /\\ / ___'_ __ _ _(_)_ __  __ _ \ \ \ \
( ( )\___ | '_ | '_| | '_ \/ _` | \ \ \ \
 \\/  ___)| |_)| | | | | || (_| |  ) ) ) )
  '  |____| .__|_| |_|_| |_\__, | / / / /
 =========|_|==============|___/=/_/_/_/
 :: Spring Boot ::        (v1.5.8.RELEASE)

2018-09-08 09:53:08.225  INFO 12352 --- [           main] com.imooc.miaosha.MainApplication        : Starting MainApplication v0.0.1-SNAPSHOT on hushida-X550VC with PID 12352 (/home/hushida/GitRepository/SecKillProject/target/miaosha.jar started by hushida in /home/hushida/GitRepository/SecKillProject/target)
2018-09-08 09:53:08.253  INFO 12352 --- [           main] com.imooc.miaosha.MainApplication        : No active profile set, falling back to default profiles: default
2018-09-08 09:53:08.940  INFO 12352 --- [           main] ationConfigEmbeddedWebApplicationContext : Refreshing org.springframework.boot.context.embedded.AnnotationConfigEmbeddedWebApplicationContext@2cdf8d8a: startup date [Sat Sep 08 09:53:08 CST 2018]; root of context hierarchy
2018-09-08 09:53:12.137  INFO 12352 --- [           main] s.b.c.e.t.TomcatEmbeddedServletContainer : Tomcat initialized with port(s): 8080 (http)
2018-09-08 09:53:12.193  INFO 12352 --- [           main] o.apache.catalina.core.StandardService   : Starting service [Tomcat]
2018-09-08 09:53:12.194  INFO 12352 --- [           main] org.apache.catalina.core.StandardEngine  : Starting Servlet Engine: Apache Tomcat/8.5.23
2018-09-08 09:53:12.429  INFO 12352 --- [ost-startStop-1] o.a.c.c.C.[Tomcat].[localhost].[/]       : Initializing Spring embedded WebApplicationContext
2018-09-08 09:53:12.429  INFO 12352 --- [ost-startStop-1] o.s.web.context.ContextLoader            : Root WebApplicationContext: initialization completed in 3518 ms
2018-09-08 09:53:12.631  INFO 12352 --- [ost-startStop-1] o.s.b.w.servlet.ServletRegistrationBean  : Mapping servlet: 'dispatcherServlet' to [/]
2018-09-08 09:53:12.636  INFO 12352 --- [ost-startStop-1] o.s.b.w.servlet.FilterRegistrationBean   : Mapping filter: 'characterEncodingFilter' to: [/*]
2018-09-08 09:53:12.636  INFO 12352 --- [ost-startStop-1] o.s.b.w.servlet.FilterRegistrationBean   : Mapping filter: 'hiddenHttpMethodFilter' to: [/*]
2018-09-08 09:53:12.637  INFO 12352 --- [ost-startStop-1] o.s.b.w.servlet.FilterRegistrationBean   : Mapping filter: 'httpPutFormContentFilter' to: [/*]
2018-09-08 09:53:12.637  INFO 12352 --- [ost-startStop-1] o.s.b.w.servlet.FilterRegistrationBean   : Mapping filter: 'requestContextFilter' to: [/*]
2018-09-08 09:53:14.049  INFO 12352 --- [           main] s.w.s.m.m.a.RequestMappingHandlerAdapter : Looking for @ControllerAdvice: org.springframework.boot.context.embedded.AnnotationConfigEmbeddedWebApplicationContext@2cdf8d8a: startup date [Sat Sep 08 09:53:08 CST 2018]; root of context hierarchy
2018-09-08 09:53:14.176  INFO 12352 --- [           main] s.w.s.m.m.a.RequestMappingHandlerMapping : Mapped "{[/miaosha/do_miaosha]}" onto public java.lang.String com.imooc.miaosha.controller.MiaoshaController.list(org.springframework.ui.Model,com.imooc.miaosha.domain.MiaoshaUser,long)
2018-09-08 09:53:14.182  INFO 12352 --- [           main] s.w.s.m.m.a.RequestMappingHandlerMapping : Mapped "{[/login/to_login]}" onto public java.lang.String com.imooc.miaosha.controller.LoginController.toLogin()
2018-09-08 09:53:14.182  INFO 12352 --- [           main] s.w.s.m.m.a.RequestMappingHandlerMapping : Mapped "{[/login/do_login]}" onto public com.imooc.miaosha.result.Result<java.lang.Boolean> com.imooc.miaosha.controller.LoginController.doLogin(javax.servlet.http.HttpServletResponse,com.imooc.miaosha.vo.LoginVo)
2018-09-08 09:53:14.187  INFO 12352 --- [           main] s.w.s.m.m.a.RequestMappingHandlerMapping : Mapped "{[/demo/hello]}" onto public com.imooc.miaosha.result.Result<java.lang.String> com.imooc.miaosha.controller.SampleController.home()
2018-09-08 09:53:14.188  INFO 12352 --- [           main] s.w.s.m.m.a.RequestMappingHandlerMapping : Mapped "{[/demo/db/get]}" onto public com.imooc.miaosha.result.Result<com.imooc.miaosha.domain.User> com.imooc.miaosha.controller.SampleController.dbGet()
2018-09-08 09:53:14.188  INFO 12352 --- [           main] s.w.s.m.m.a.RequestMappingHandlerMapping : Mapped "{[/demo/db/tx]}" onto public com.imooc.miaosha.result.Result<java.lang.Boolean> com.imooc.miaosha.controller.SampleController.dbTx()
2018-09-08 09:53:14.189  INFO 12352 --- [           main] s.w.s.m.m.a.RequestMappingHandlerMapping : Mapped "{[/demo/redis/get]}" onto public com.imooc.miaosha.result.Result<com.imooc.miaosha.domain.User> com.imooc.miaosha.controller.SampleController.redisGet()
2018-09-08 09:53:14.189  INFO 12352 --- [           main] s.w.s.m.m.a.RequestMappingHandlerMapping : Mapped "{[/demo/redis/set]}" onto public com.imooc.miaosha.result.Result<java.lang.Boolean> com.imooc.miaosha.controller.SampleController.redisSet()
2018-09-08 09:53:14.189  INFO 12352 --- [           main] s.w.s.m.m.a.RequestMappingHandlerMapping : Mapped "{[/demo/hello/themaleaf]}" onto public java.lang.String com.imooc.miaosha.controller.SampleController.themaleaf(org.springframework.ui.Model)
2018-09-08 09:53:14.190  INFO 12352 --- [           main] s.w.s.m.m.a.RequestMappingHandlerMapping : Mapped "{[/demo/error]}" onto public com.imooc.miaosha.result.Result<java.lang.String> com.imooc.miaosha.controller.SampleController.error()
2018-09-08 09:53:14.191  INFO 12352 --- [           main] s.w.s.m.m.a.RequestMappingHandlerMapping : Mapped "{[/user/info]}" onto public com.imooc.miaosha.result.Result<com.imooc.miaosha.domain.MiaoshaUser> com.imooc.miaosha.controller.UserController.info(org.springframework.ui.Model,com.imooc.miaosha.domain.MiaoshaUser)
2018-09-08 09:53:14.193  INFO 12352 --- [           main] s.w.s.m.m.a.RequestMappingHandlerMapping : Mapped "{[/goods/to_detail/{goodsId}]}" onto public java.lang.String com.imooc.miaosha.controller.GoodsController.detail(org.springframework.ui.Model,com.imooc.miaosha.domain.MiaoshaUser,long)
2018-09-08 09:53:14.193  INFO 12352 --- [           main] s.w.s.m.m.a.RequestMappingHandlerMapping : Mapped "{[/goods/to_list]}" onto public java.lang.String com.imooc.miaosha.controller.GoodsController.list(org.springframework.ui.Model,com.imooc.miaosha.domain.MiaoshaUser)
2018-09-08 09:53:14.196  INFO 12352 --- [           main] s.w.s.m.m.a.RequestMappingHandlerMapping : Mapped "{[/error],produces=[text/html]}" onto public org.springframework.web.servlet.ModelAndView org.springframework.boot.autoconfigure.web.BasicErrorController.errorHtml(javax.servlet.http.HttpServletRequest,javax.servlet.http.HttpServletResponse)
2018-09-08 09:53:14.196  INFO 12352 --- [           main] s.w.s.m.m.a.RequestMappingHandlerMapping : Mapped "{[/error]}" onto public org.springframework.http.ResponseEntity<java.util.Map<java.lang.String, java.lang.Object>> org.springframework.boot.autoconfigure.web.BasicErrorController.error(javax.servlet.http.HttpServletRequest)
2018-09-08 09:53:14.255  INFO 12352 --- [           main] o.s.w.s.handler.SimpleUrlHandlerMapping  : Mapped URL path [/webjars/**] onto handler of type [class org.springframework.web.servlet.resource.ResourceHttpRequestHandler]
2018-09-08 09:53:14.255  INFO 12352 --- [           main] o.s.w.s.handler.SimpleUrlHandlerMapping  : Mapped URL path [/**] onto handler of type [class org.springframework.web.servlet.resource.ResourceHttpRequestHandler]
2018-09-08 09:53:14.286  INFO 12352 --- [           main] .m.m.a.ExceptionHandlerExceptionResolver : Detected @ExceptionHandler methods in globalExceptionHandler
2018-09-08 09:53:14.330  INFO 12352 --- [           main] o.s.w.s.handler.SimpleUrlHandlerMapping  : Mapped URL path [/**/favicon.ico] onto handler of type [class org.springframework.web.servlet.resource.ResourceHttpRequestHandler]
2018-09-08 09:53:15.398  INFO 12352 --- [           main] o.s.j.e.a.AnnotationMBeanExporter        : Registering beans for JMX exposure on startup
2018-09-08 09:53:15.401  INFO 12352 --- [           main] o.s.j.e.a.AnnotationMBeanExporter        : Bean with name 'dataSource' has been autodetected for JMX exposure
2018-09-08 09:53:15.408  INFO 12352 --- [           main] o.s.j.e.a.AnnotationMBeanExporter        : Located MBean 'dataSource': registering with JMX server as MBean [com.alibaba.druid.pool:name=dataSource,type=DruidDataSource]
2018-09-08 09:53:15.498 ERROR 12352 --- [           main] o.a.coyote.http11.Http11NioProtocol      : Failed to start end point associated with ProtocolHandler ["http-nio-8080"]

java.net.BindException: Address already in use
	at sun.nio.ch.Net.bind0(Native Method) ~[na:1.8.0_171]
	at sun.nio.ch.Net.bind(Net.java:433) ~[na:1.8.0_171]
	at sun.nio.ch.Net.bind(Net.java:425) ~[na:1.8.0_171]
	at sun.nio.ch.ServerSocketChannelImpl.bind(ServerSocketChannelImpl.java:223) ~[na:1.8.0_171]
	at sun.nio.ch.ServerSocketAdaptor.bind(ServerSocketAdaptor.java:74) ~[na:1.8.0_171]
	at org.apache.tomcat.util.net.NioEndpoint.bind(NioEndpoint.java:210) ~[tomcat-embed-core-8.5.23.jar!/:8.5.23]
	at org.apache.tomcat.util.net.AbstractEndpoint.start(AbstractEndpoint.java:990) ~[tomcat-embed-core-8.5.23.jar!/:8.5.23]
	at org.apache.coyote.AbstractProtocol.start(AbstractProtocol.java:635) ~[tomcat-embed-core-8.5.23.jar!/:8.5.23]
	at org.apache.catalina.connector.Connector.startInternal(Connector.java:1022) [tomcat-embed-core-8.5.23.jar!/:8.5.23]
	at org.apache.catalina.util.LifecycleBase.start(LifecycleBase.java:150) [tomcat-embed-core-8.5.23.jar!/:8.5.23]
	at org.apache.catalina.core.StandardService.addConnector(StandardService.java:225) [tomcat-embed-core-8.5.23.jar!/:8.5.23]
	at org.springframework.boot.context.embedded.tomcat.TomcatEmbeddedServletContainer.addPreviouslyRemovedConnectors(TomcatEmbeddedServletContainer.java:250) [spring-boot-1.5.8.RELEASE.jar!/:1.5.8.RELEASE]
	at org.springframework.boot.context.embedded.tomcat.TomcatEmbeddedServletContainer.start(TomcatEmbeddedServletContainer.java:193) [spring-boot-1.5.8.RELEASE.jar!/:1.5.8.RELEASE]
	at org.springframework.boot.context.embedded.EmbeddedWebApplicationContext.startEmbeddedServletContainer(EmbeddedWebApplicationContext.java:297) [spring-boot-1.5.8.RELEASE.jar!/:1.5.8.RELEASE]
	at org.springframework.boot.context.embedded.EmbeddedWebApplicationContext.finishRefresh(EmbeddedWebApplicationContext.java:145) [spring-boot-1.5.8.RELEASE.jar!/:1.5.8.RELEASE]
	at org.springframework.context.support.AbstractApplicationContext.refresh(AbstractApplicationContext.java:546) [spring-context-4.3.12.RELEASE.jar!/:4.3.12.RELEASE]
	at org.springframework.boot.context.embedded.EmbeddedWebApplicationContext.refresh(EmbeddedWebApplicationContext.java:122) [spring-boot-1.5.8.RELEASE.jar!/:1.5.8.RELEASE]
	at org.springframework.boot.SpringApplication.refresh(SpringApplication.java:693) [spring-boot-1.5.8.RELEASE.jar!/:1.5.8.RELEASE]
	at org.springframework.boot.SpringApplication.refreshContext(SpringApplication.java:360) [spring-boot-1.5.8.RELEASE.jar!/:1.5.8.RELEASE]
	at org.springframework.boot.SpringApplication.run(SpringApplication.java:303) [spring-boot-1.5.8.RELEASE.jar!/:1.5.8.RELEASE]
	at org.springframework.boot.SpringApplication.run(SpringApplication.java:1118) [spring-boot-1.5.8.RELEASE.jar!/:1.5.8.RELEASE]
	at org.springframework.boot.SpringApplication.run(SpringApplication.java:1107) [spring-boot-1.5.8.RELEASE.jar!/:1.5.8.RELEASE]
	at com.imooc.miaosha.MainApplication.main(MainApplication.java:9) [classes!/:0.0.1-SNAPSHOT]
	at sun.reflect.NativeMethodAccessorImpl.invoke0(Native Method) ~[na:1.8.0_171]
	at sun.reflect.NativeMethodAccessorImpl.invoke(NativeMethodAccessorImpl.java:62) ~[na:1.8.0_171]
	at sun.reflect.DelegatingMethodAccessorImpl.invoke(DelegatingMethodAccessorImpl.java:43) ~[na:1.8.0_171]
	at java.lang.reflect.Method.invoke(Method.java:498) ~[na:1.8.0_171]
	at org.springframework.boot.loader.MainMethodRunner.run(MainMethodRunner.java:48) [miaosha.jar:0.0.1-SNAPSHOT]
	at org.springframework.boot.loader.Launcher.launch(Launcher.java:87) [miaosha.jar:0.0.1-SNAPSHOT]
	at org.springframework.boot.loader.Launcher.launch(Launcher.java:50) [miaosha.jar:0.0.1-SNAPSHOT]
	at org.springframework.boot.loader.JarLauncher.main(JarLauncher.java:51) [miaosha.jar:0.0.1-SNAPSHOT]

2018-09-08 09:53:15.502 ERROR 12352 --- [           main] o.apache.catalina.core.StandardService   : Failed to start connector [Connector[HTTP/1.1-8080]]

org.apache.catalina.LifecycleException: Failed to start component [Connector[HTTP/1.1-8080]]
	at org.apache.catalina.util.LifecycleBase.start(LifecycleBase.java:167) ~[tomcat-embed-core-8.5.23.jar!/:8.5.23]
	at org.apache.catalina.core.StandardService.addConnector(StandardService.java:225) ~[tomcat-embed-core-8.5.23.jar!/:8.5.23]
	at org.springframework.boot.context.embedded.tomcat.TomcatEmbeddedServletContainer.addPreviouslyRemovedConnectors(TomcatEmbeddedServletContainer.java:250) [spring-boot-1.5.8.RELEASE.jar!/:1.5.8.RELEASE]
	at org.springframework.boot.context.embedded.tomcat.TomcatEmbeddedServletContainer.start(TomcatEmbeddedServletContainer.java:193) [spring-boot-1.5.8.RELEASE.jar!/:1.5.8.RELEASE]
	at org.springframework.boot.context.embedded.EmbeddedWebApplicationContext.startEmbeddedServletContainer(EmbeddedWebApplicationContext.java:297) [spring-boot-1.5.8.RELEASE.jar!/:1.5.8.RELEASE]
	at org.springframework.boot.context.embedded.EmbeddedWebApplicationContext.finishRefresh(EmbeddedWebApplicationContext.java:145) [spring-boot-1.5.8.RELEASE.jar!/:1.5.8.RELEASE]
	at org.springframework.context.support.AbstractApplicationContext.refresh(AbstractApplicationContext.java:546) [spring-context-4.3.12.RELEASE.jar!/:4.3.12.RELEASE]
	at org.springframework.boot.context.embedded.EmbeddedWebApplicationContext.refresh(EmbeddedWebApplicationContext.java:122) [spring-boot-1.5.8.RELEASE.jar!/:1.5.8.RELEASE]
	at org.springframework.boot.SpringApplication.refresh(SpringApplication.java:693) [spring-boot-1.5.8.RELEASE.jar!/:1.5.8.RELEASE]
	at org.springframework.boot.SpringApplication.refreshContext(SpringApplication.java:360) [spring-boot-1.5.8.RELEASE.jar!/:1.5.8.RELEASE]
	at org.springframework.boot.SpringApplication.run(SpringApplication.java:303) [spring-boot-1.5.8.RELEASE.jar!/:1.5.8.RELEASE]
	at org.springframework.boot.SpringApplication.run(SpringApplication.java:1118) [spring-boot-1.5.8.RELEASE.jar!/:1.5.8.RELEASE]
	at org.springframework.boot.SpringApplication.run(SpringApplication.java:1107) [spring-boot-1.5.8.RELEASE.jar!/:1.5.8.RELEASE]
	at com.imooc.miaosha.MainApplication.main(MainApplication.java:9) [classes!/:0.0.1-SNAPSHOT]
	at sun.reflect.NativeMethodAccessorImpl.invoke0(Native Method) ~[na:1.8.0_171]
	at sun.reflect.NativeMethodAccessorImpl.invoke(NativeMethodAccessorImpl.java:62) ~[na:1.8.0_171]
	at sun.reflect.DelegatingMethodAccessorImpl.invoke(DelegatingMethodAccessorImpl.java:43) ~[na:1.8.0_171]
	at java.lang.reflect.Method.invoke(Method.java:498) ~[na:1.8.0_171]
	at org.springframework.boot.loader.MainMethodRunner.run(MainMethodRunner.java:48) [miaosha.jar:0.0.1-SNAPSHOT]
	at org.springframework.boot.loader.Launcher.launch(Launcher.java:87) [miaosha.jar:0.0.1-SNAPSHOT]
	at org.springframework.boot.loader.Launcher.launch(Launcher.java:50) [miaosha.jar:0.0.1-SNAPSHOT]
	at org.springframework.boot.loader.JarLauncher.main(JarLauncher.java:51) [miaosha.jar:0.0.1-SNAPSHOT]
Caused by: org.apache.catalina.LifecycleException: service.getName(): "Tomcat";  Protocol handler start failed
	at org.apache.catalina.connector.Connector.startInternal(Connector.java:1031) ~[tomcat-embed-core-8.5.23.jar!/:8.5.23]
	at org.apache.catalina.util.LifecycleBase.start(LifecycleBase.java:150) ~[tomcat-embed-core-8.5.23.jar!/:8.5.23]
	... 21 common frames omitted
Caused by: java.net.BindException: Address already in use
	at sun.nio.ch.Net.bind0(Native Method) ~[na:1.8.0_171]
	at sun.nio.ch.Net.bind(Net.java:433) ~[na:1.8.0_171]
	at sun.nio.ch.Net.bind(Net.java:425) ~[na:1.8.0_171]
	at sun.nio.ch.ServerSocketChannelImpl.bind(ServerSocketChannelImpl.java:223) ~[na:1.8.0_171]
	at sun.nio.ch.ServerSocketAdaptor.bind(ServerSocketAdaptor.java:74) ~[na:1.8.0_171]
	at org.apache.tomcat.util.net.NioEndpoint.bind(NioEndpoint.java:210) ~[tomcat-embed-core-8.5.23.jar!/:8.5.23]
	at org.apache.tomcat.util.net.AbstractEndpoint.start(AbstractEndpoint.java:990) ~[tomcat-embed-core-8.5.23.jar!/:8.5.23]
	at org.apache.coyote.AbstractProtocol.start(AbstractProtocol.java:635) ~[tomcat-embed-core-8.5.23.jar!/:8.5.23]
	at org.apache.catalina.connector.Connector.startInternal(Connector.java:1022) ~[tomcat-embed-core-8.5.23.jar!/:8.5.23]
	... 22 common frames omitted

2018-09-08 09:53:15.518  INFO 12352 --- [           main] o.apache.catalina.core.StandardService   : Stopping service [Tomcat]
2018-09-08 09:53:15.608  INFO 12352 --- [           main] utoConfigurationReportLoggingInitializer : 

Error starting ApplicationContext. To display the auto-configuration report re-run your application with 'debug' enabled.
2018-09-08 09:53:15.613 ERROR 12352 --- [           main] o.s.b.d.LoggingFailureAnalysisReporter   : 

***************************
APPLICATION FAILED TO START
***************************

Description:

The Tomcat connector configured to listen on port 8080 failed to start. The port may already be in use or the connector may be misconfigured.

Action:

Verify the connector's configuration, identify and stop any process that's listening on port 8080, or configure this application to listen on another port.

2018-09-08 09:53:15.615  INFO 12352 --- [           main] ationConfigEmbeddedWebApplicationContext : Closing org.springframework.boot.context.embedded.AnnotationConfigEmbeddedWebApplicationContext@2cdf8d8a: startup date [Sat Sep 08 09:53:08 CST 2018]; root of context hierarchy
2018-09-08 09:53:15.617  INFO 12352 --- [           main] o.s.j.e.a.AnnotationMBeanExporter        : Unregistering JMX-exposed beans on shutdown
2018-09-08 09:53:15.617  INFO 12352 --- [           main] o.s.j.e.a.AnnotationMBeanExporter        : Unregistering JMX-exposed beans

  .   ____          _            __ _ _
 /\\ / ___'_ __ _ _(_)_ __  __ _ \ \ \ \
( ( )\___ | '_ | '_| | '_ \/ _` | \ \ \ \
 \\/  ___)| |_)| | | | | || (_| |  ) ) ) )
  '  |____| .__|_| |_|_| |_\__, | / / / /
 =========|_|==============|___/=/_/_/_/
 :: Spring Boot ::        (v1.5.8.RELEASE)

2018-09-08 10:02:55.676  INFO 13151 --- [           main] com.imooc.miaosha.MainApplication        : Starting MainApplication v0.0.1-SNAPSHOT on hushida-X550VC with PID 13151 (/home/hushida/GitRepository/SecKillProject/target/miaosha.jar started by hushida in /home/hushida/GitRepository/SecKillProject/target)
2018-09-08 10:02:55.681  INFO 13151 --- [           main] com.imooc.miaosha.MainApplication        : No active profile set, falling back to default profiles: default
2018-09-08 10:02:56.226  INFO 13151 --- [           main] ationConfigEmbeddedWebApplicationContext : Refreshing org.springframework.boot.context.embedded.AnnotationConfigEmbeddedWebApplicationContext@2cdf8d8a: startup date [Sat Sep 08 10:02:56 CST 2018]; root of context hierarchy
2018-09-08 10:02:58.728  INFO 13151 --- [           main] s.b.c.e.t.TomcatEmbeddedServletContainer : Tomcat initialized with port(s): 8080 (http)
2018-09-08 10:02:58.750  INFO 13151 --- [           main] o.apache.catalina.core.StandardService   : Starting service [Tomcat]
2018-09-08 10:02:58.752  INFO 13151 --- [           main] org.apache.catalina.core.StandardEngine  : Starting Servlet Engine: Apache Tomcat/8.5.23
2018-09-08 10:02:58.896  INFO 13151 --- [ost-startStop-1] o.a.c.c.C.[Tomcat].[localhost].[/]       : Initializing Spring embedded WebApplicationContext
2018-09-08 10:02:58.896  INFO 13151 --- [ost-startStop-1] o.s.web.context.ContextLoader            : Root WebApplicationContext: initialization completed in 2674 ms
2018-09-08 10:02:59.091  INFO 13151 --- [ost-startStop-1] o.s.b.w.servlet.ServletRegistrationBean  : Mapping servlet: 'dispatcherServlet' to [/]
2018-09-08 10:02:59.096  INFO 13151 --- [ost-startStop-1] o.s.b.w.servlet.FilterRegistrationBean   : Mapping filter: 'characterEncodingFilter' to: [/*]
2018-09-08 10:02:59.097  INFO 13151 --- [ost-startStop-1] o.s.b.w.servlet.FilterRegistrationBean   : Mapping filter: 'hiddenHttpMethodFilter' to: [/*]
2018-09-08 10:02:59.097  INFO 13151 --- [ost-startStop-1] o.s.b.w.servlet.FilterRegistrationBean   : Mapping filter: 'httpPutFormContentFilter' to: [/*]
2018-09-08 10:02:59.097  INFO 13151 --- [ost-startStop-1] o.s.b.w.servlet.FilterRegistrationBean   : Mapping filter: 'requestContextFilter' to: [/*]
2018-09-08 10:03:00.272  INFO 13151 --- [           main] s.w.s.m.m.a.RequestMappingHandlerAdapter : Looking for @ControllerAdvice: org.springframework.boot.context.embedded.AnnotationConfigEmbeddedWebApplicationContext@2cdf8d8a: startup date [Sat Sep 08 10:02:56 CST 2018]; root of context hierarchy
2018-09-08 10:03:00.397  INFO 13151 --- [           main] s.w.s.m.m.a.RequestMappingHandlerMapping : Mapped "{[/miaosha/do_miaosha]}" onto public java.lang.String com.imooc.miaosha.controller.MiaoshaController.list(org.springframework.ui.Model,com.imooc.miaosha.domain.MiaoshaUser,long)
2018-09-08 10:03:00.400  INFO 13151 --- [           main] s.w.s.m.m.a.RequestMappingHandlerMapping : Mapped "{[/login/to_login]}" onto public java.lang.String com.imooc.miaosha.controller.LoginController.toLogin()
2018-09-08 10:03:00.401  INFO 13151 --- [           main] s.w.s.m.m.a.RequestMappingHandlerMapping : Mapped "{[/login/do_login]}" onto public com.imooc.miaosha.result.Result<java.lang.Boolean> com.imooc.miaosha.controller.LoginController.doLogin(javax.servlet.http.HttpServletResponse,com.imooc.miaosha.vo.LoginVo)
2018-09-08 10:03:00.405  INFO 13151 --- [           main] s.w.s.m.m.a.RequestMappingHandlerMapping : Mapped "{[/demo/db/tx]}" onto public com.imooc.miaosha.result.Result<java.lang.Boolean> com.imooc.miaosha.controller.SampleController.dbTx()
2018-09-08 10:03:00.406  INFO 13151 --- [           main] s.w.s.m.m.a.RequestMappingHandlerMapping : Mapped "{[/demo/redis/get]}" onto public com.imooc.miaosha.result.Result<com.imooc.miaosha.domain.User> com.imooc.miaosha.controller.SampleController.redisGet()
2018-09-08 10:03:00.406  INFO 13151 --- [           main] s.w.s.m.m.a.RequestMappingHandlerMapping : Mapped "{[/demo/redis/set]}" onto public com.imooc.miaosha.result.Result<java.lang.Boolean> com.imooc.miaosha.controller.SampleController.redisSet()
2018-09-08 10:03:00.407  INFO 13151 --- [           main] s.w.s.m.m.a.RequestMappingHandlerMapping : Mapped "{[/demo/hello]}" onto public com.imooc.miaosha.result.Result<java.lang.String> com.imooc.miaosha.controller.SampleController.home()
2018-09-08 10:03:00.407  INFO 13151 --- [           main] s.w.s.m.m.a.RequestMappingHandlerMapping : Mapped "{[/demo/hello/themaleaf]}" onto public java.lang.String com.imooc.miaosha.controller.SampleController.themaleaf(org.springframework.ui.Model)
2018-09-08 10:03:00.407  INFO 13151 --- [           main] s.w.s.m.m.a.RequestMappingHandlerMapping : Mapped "{[/demo/db/get]}" onto public com.imooc.miaosha.result.Result<com.imooc.miaosha.domain.User> com.imooc.miaosha.controller.SampleController.dbGet()
2018-09-08 10:03:00.408  INFO 13151 --- [           main] s.w.s.m.m.a.RequestMappingHandlerMapping : Mapped "{[/demo/error]}" onto public com.imooc.miaosha.result.Result<java.lang.String> com.imooc.miaosha.controller.SampleController.error()
2018-09-08 10:03:00.409  INFO 13151 --- [           main] s.w.s.m.m.a.RequestMappingHandlerMapping : Mapped "{[/user/info]}" onto public com.imooc.miaosha.result.Result<com.imooc.miaosha.domain.MiaoshaUser> com.imooc.miaosha.controller.UserController.info(org.springframework.ui.Model,com.imooc.miaosha.domain.MiaoshaUser)
2018-09-08 10:03:00.411  INFO 13151 --- [           main] s.w.s.m.m.a.RequestMappingHandlerMapping : Mapped "{[/goods/to_detail/{goodsId}]}" onto public java.lang.String com.imooc.miaosha.controller.GoodsController.detail(org.springframework.ui.Model,com.imooc.miaosha.domain.MiaoshaUser,long)
2018-09-08 10:03:00.411  INFO 13151 --- [           main] s.w.s.m.m.a.RequestMappingHandlerMapping : Mapped "{[/goods/to_list]}" onto public java.lang.String com.imooc.miaosha.controller.GoodsController.list(org.springframework.ui.Model,com.imooc.miaosha.domain.MiaoshaUser)
2018-09-08 10:03:00.414  INFO 13151 --- [           main] s.w.s.m.m.a.RequestMappingHandlerMapping : Mapped "{[/error],produces=[text/html]}" onto public org.springframework.web.servlet.ModelAndView org.springframework.boot.autoconfigure.web.BasicErrorController.errorHtml(javax.servlet.http.HttpServletRequest,javax.servlet.http.HttpServletResponse)
2018-09-08 10:03:00.415  INFO 13151 --- [           main] s.w.s.m.m.a.RequestMappingHandlerMapping : Mapped "{[/error]}" onto public org.springframework.http.ResponseEntity<java.util.Map<java.lang.String, java.lang.Object>> org.springframework.boot.autoconfigure.web.BasicErrorController.error(javax.servlet.http.HttpServletRequest)
2018-09-08 10:03:00.475  INFO 13151 --- [           main] o.s.w.s.handler.SimpleUrlHandlerMapping  : Mapped URL path [/webjars/**] onto handler of type [class org.springframework.web.servlet.resource.ResourceHttpRequestHandler]
2018-09-08 10:03:00.475  INFO 13151 --- [           main] o.s.w.s.handler.SimpleUrlHandlerMapping  : Mapped URL path [/**] onto handler of type [class org.springframework.web.servlet.resource.ResourceHttpRequestHandler]
2018-09-08 10:03:00.509  INFO 13151 --- [           main] .m.m.a.ExceptionHandlerExceptionResolver : Detected @ExceptionHandler methods in globalExceptionHandler
2018-09-08 10:03:00.552  INFO 13151 --- [           main] o.s.w.s.handler.SimpleUrlHandlerMapping  : Mapped URL path [/**/favicon.ico] onto handler of type [class org.springframework.web.servlet.resource.ResourceHttpRequestHandler]
2018-09-08 10:03:01.610  INFO 13151 --- [           main] o.s.j.e.a.AnnotationMBeanExporter        : Registering beans for JMX exposure on startup
2018-09-08 10:03:01.613  INFO 13151 --- [           main] o.s.j.e.a.AnnotationMBeanExporter        : Bean with name 'dataSource' has been autodetected for JMX exposure
2018-09-08 10:03:01.620  INFO 13151 --- [           main] o.s.j.e.a.AnnotationMBeanExporter        : Located MBean 'dataSource': registering with JMX server as MBean [com.alibaba.druid.pool:name=dataSource,type=DruidDataSource]
2018-09-08 10:03:01.674 ERROR 13151 --- [           main] o.a.coyote.http11.Http11NioProtocol      : Failed to start end point associated with ProtocolHandler ["http-nio-8080"]

java.net.BindException: Address already in use
	at sun.nio.ch.Net.bind0(Native Method) ~[na:1.8.0_171]
	at sun.nio.ch.Net.bind(Net.java:433) ~[na:1.8.0_171]
	at sun.nio.ch.Net.bind(Net.java:425) ~[na:1.8.0_171]
	at sun.nio.ch.ServerSocketChannelImpl.bind(ServerSocketChannelImpl.java:223) ~[na:1.8.0_171]
	at sun.nio.ch.ServerSocketAdaptor.bind(ServerSocketAdaptor.java:74) ~[na:1.8.0_171]
	at org.apache.tomcat.util.net.NioEndpoint.bind(NioEndpoint.java:210) ~[tomcat-embed-core-8.5.23.jar!/:8.5.23]
	at org.apache.tomcat.util.net.AbstractEndpoint.start(AbstractEndpoint.java:990) ~[tomcat-embed-core-8.5.23.jar!/:8.5.23]
	at org.apache.coyote.AbstractProtocol.start(AbstractProtocol.java:635) ~[tomcat-embed-core-8.5.23.jar!/:8.5.23]
	at org.apache.catalina.connector.Connector.startInternal(Connector.java:1022) [tomcat-embed-core-8.5.23.jar!/:8.5.23]
	at org.apache.catalina.util.LifecycleBase.start(LifecycleBase.java:150) [tomcat-embed-core-8.5.23.jar!/:8.5.23]
	at org.apache.catalina.core.StandardService.addConnector(StandardService.java:225) [tomcat-embed-core-8.5.23.jar!/:8.5.23]
	at org.springframework.boot.context.embedded.tomcat.TomcatEmbeddedServletContainer.addPreviouslyRemovedConnectors(TomcatEmbeddedServletContainer.java:250) [spring-boot-1.5.8.RELEASE.jar!/:1.5.8.RELEASE]
	at org.springframework.boot.context.embedded.tomcat.TomcatEmbeddedServletContainer.start(TomcatEmbeddedServletContainer.java:193) [spring-boot-1.5.8.RELEASE.jar!/:1.5.8.RELEASE]
	at org.springframework.boot.context.embedded.EmbeddedWebApplicationContext.startEmbeddedServletContainer(EmbeddedWebApplicationContext.java:297) [spring-boot-1.5.8.RELEASE.jar!/:1.5.8.RELEASE]
	at org.springframework.boot.context.embedded.EmbeddedWebApplicationContext.finishRefresh(EmbeddedWebApplicationContext.java:145) [spring-boot-1.5.8.RELEASE.jar!/:1.5.8.RELEASE]
	at org.springframework.context.support.AbstractApplicationContext.refresh(AbstractApplicationContext.java:546) [spring-context-4.3.12.RELEASE.jar!/:4.3.12.RELEASE]
	at org.springframework.boot.context.embedded.EmbeddedWebApplicationContext.refresh(EmbeddedWebApplicationContext.java:122) [spring-boot-1.5.8.RELEASE.jar!/:1.5.8.RELEASE]
	at org.springframework.boot.SpringApplication.refresh(SpringApplication.java:693) [spring-boot-1.5.8.RELEASE.jar!/:1.5.8.RELEASE]
	at org.springframework.boot.SpringApplication.refreshContext(SpringApplication.java:360) [spring-boot-1.5.8.RELEASE.jar!/:1.5.8.RELEASE]
	at org.springframework.boot.SpringApplication.run(SpringApplication.java:303) [spring-boot-1.5.8.RELEASE.jar!/:1.5.8.RELEASE]
	at org.springframework.boot.SpringApplication.run(SpringApplication.java:1118) [spring-boot-1.5.8.RELEASE.jar!/:1.5.8.RELEASE]
	at org.springframework.boot.SpringApplication.run(SpringApplication.java:1107) [spring-boot-1.5.8.RELEASE.jar!/:1.5.8.RELEASE]
	at com.imooc.miaosha.MainApplication.main(MainApplication.java:9) [classes!/:0.0.1-SNAPSHOT]
	at sun.reflect.NativeMethodAccessorImpl.invoke0(Native Method) ~[na:1.8.0_171]
	at sun.reflect.NativeMethodAccessorImpl.invoke(NativeMethodAccessorImpl.java:62) ~[na:1.8.0_171]
	at sun.reflect.DelegatingMethodAccessorImpl.invoke(DelegatingMethodAccessorImpl.java:43) ~[na:1.8.0_171]
	at java.lang.reflect.Method.invoke(Method.java:498) ~[na:1.8.0_171]
	at org.springframework.boot.loader.MainMethodRunner.run(MainMethodRunner.java:48) [miaosha.jar:0.0.1-SNAPSHOT]
	at org.springframework.boot.loader.Launcher.launch(Launcher.java:87) [miaosha.jar:0.0.1-SNAPSHOT]
	at org.springframework.boot.loader.Launcher.launch(Launcher.java:50) [miaosha.jar:0.0.1-SNAPSHOT]
	at org.springframework.boot.loader.JarLauncher.main(JarLauncher.java:51) [miaosha.jar:0.0.1-SNAPSHOT]

2018-09-08 10:03:01.676 ERROR 13151 --- [           main] o.apache.catalina.core.StandardService   : Failed to start connector [Connector[HTTP/1.1-8080]]

org.apache.catalina.LifecycleException: Failed to start component [Connector[HTTP/1.1-8080]]
	at org.apache.catalina.util.LifecycleBase.start(LifecycleBase.java:167) ~[tomcat-embed-core-8.5.23.jar!/:8.5.23]
	at org.apache.catalina.core.StandardService.addConnector(StandardService.java:225) ~[tomcat-embed-core-8.5.23.jar!/:8.5.23]
	at org.springframework.boot.context.embedded.tomcat.TomcatEmbeddedServletContainer.addPreviouslyRemovedConnectors(TomcatEmbeddedServletContainer.java:250) [spring-boot-1.5.8.RELEASE.jar!/:1.5.8.RELEASE]
	at org.springframework.boot.context.embedded.tomcat.TomcatEmbeddedServletContainer.start(TomcatEmbeddedServletContainer.java:193) [spring-boot-1.5.8.RELEASE.jar!/:1.5.8.RELEASE]
	at org.springframework.boot.context.embedded.EmbeddedWebApplicationContext.startEmbeddedServletContainer(EmbeddedWebApplicationContext.java:297) [spring-boot-1.5.8.RELEASE.jar!/:1.5.8.RELEASE]
	at org.springframework.boot.context.embedded.EmbeddedWebApplicationContext.finishRefresh(EmbeddedWebApplicationContext.java:145) [spring-boot-1.5.8.RELEASE.jar!/:1.5.8.RELEASE]
	at org.springframework.context.support.AbstractApplicationContext.refresh(AbstractApplicationContext.java:546) [spring-context-4.3.12.RELEASE.jar!/:4.3.12.RELEASE]
	at org.springframework.boot.context.embedded.EmbeddedWebApplicationContext.refresh(EmbeddedWebApplicationContext.java:122) [spring-boot-1.5.8.RELEASE.jar!/:1.5.8.RELEASE]
	at org.springframework.boot.SpringApplication.refresh(SpringApplication.java:693) [spring-boot-1.5.8.RELEASE.jar!/:1.5.8.RELEASE]
	at org.springframework.boot.SpringApplication.refreshContext(SpringApplication.java:360) [spring-boot-1.5.8.RELEASE.jar!/:1.5.8.RELEASE]
	at org.springframework.boot.SpringApplication.run(SpringApplication.java:303) [spring-boot-1.5.8.RELEASE.jar!/:1.5.8.RELEASE]
	at org.springframework.boot.SpringApplication.run(SpringApplication.java:1118) [spring-boot-1.5.8.RELEASE.jar!/:1.5.8.RELEASE]
	at org.springframework.boot.SpringApplication.run(SpringApplication.java:1107) [spring-boot-1.5.8.RELEASE.jar!/:1.5.8.RELEASE]
	at com.imooc.miaosha.MainApplication.main(MainApplication.java:9) [classes!/:0.0.1-SNAPSHOT]
	at sun.reflect.NativeMethodAccessorImpl.invoke0(Native Method) ~[na:1.8.0_171]
	at sun.reflect.NativeMethodAccessorImpl.invoke(NativeMethodAccessorImpl.java:62) ~[na:1.8.0_171]
	at sun.reflect.DelegatingMethodAccessorImpl.invoke(DelegatingMethodAccessorImpl.java:43) ~[na:1.8.0_171]
	at java.lang.reflect.Method.invoke(Method.java:498) ~[na:1.8.0_171]
	at org.springframework.boot.loader.MainMethodRunner.run(MainMethodRunner.java:48) [miaosha.jar:0.0.1-SNAPSHOT]
	at org.springframework.boot.loader.Launcher.launch(Launcher.java:87) [miaosha.jar:0.0.1-SNAPSHOT]
	at org.springframework.boot.loader.Launcher.launch(Launcher.java:50) [miaosha.jar:0.0.1-SNAPSHOT]
	at org.springframework.boot.loader.JarLauncher.main(JarLauncher.java:51) [miaosha.jar:0.0.1-SNAPSHOT]
Caused by: org.apache.catalina.LifecycleException: service.getName(): "Tomcat";  Protocol handler start failed
	at org.apache.catalina.connector.Connector.startInternal(Connector.java:1031) ~[tomcat-embed-core-8.5.23.jar!/:8.5.23]
	at org.apache.catalina.util.LifecycleBase.start(LifecycleBase.java:150) ~[tomcat-embed-core-8.5.23.jar!/:8.5.23]
	... 21 common frames omitted
Caused by: java.net.BindException: Address already in use
	at sun.nio.ch.Net.bind0(Native Method) ~[na:1.8.0_171]
	at sun.nio.ch.Net.bind(Net.java:433) ~[na:1.8.0_171]
	at sun.nio.ch.Net.bind(Net.java:425) ~[na:1.8.0_171]
	at sun.nio.ch.ServerSocketChannelImpl.bind(ServerSocketChannelImpl.java:223) ~[na:1.8.0_171]
	at sun.nio.ch.ServerSocketAdaptor.bind(ServerSocketAdaptor.java:74) ~[na:1.8.0_171]
	at org.apache.tomcat.util.net.NioEndpoint.bind(NioEndpoint.java:210) ~[tomcat-embed-core-8.5.23.jar!/:8.5.23]
	at org.apache.tomcat.util.net.AbstractEndpoint.start(AbstractEndpoint.java:990) ~[tomcat-embed-core-8.5.23.jar!/:8.5.23]
	at org.apache.coyote.AbstractProtocol.start(AbstractProtocol.java:635) ~[tomcat-embed-core-8.5.23.jar!/:8.5.23]
	at org.apache.catalina.connector.Connector.startInternal(Connector.java:1022) ~[tomcat-embed-core-8.5.23.jar!/:8.5.23]
	... 22 common frames omitted

2018-09-08 10:03:01.692  INFO 13151 --- [           main] o.apache.catalina.core.StandardService   : Stopping service [Tomcat]
2018-09-08 10:03:01.733  INFO 13151 --- [           main] utoConfigurationReportLoggingInitializer : 

Error starting ApplicationContext. To display the auto-configuration report re-run your application with 'debug' enabled.
2018-09-08 10:03:01.738 ERROR 13151 --- [           main] o.s.b.d.LoggingFailureAnalysisReporter   : 

***************************
APPLICATION FAILED TO START
***************************

Description:

The Tomcat connector configured to listen on port 8080 failed to start. The port may already be in use or the connector may be misconfigured.

Action:

Verify the connector's configuration, identify and stop any process that's listening on port 8080, or configure this application to listen on another port.

2018-09-08 10:03:01.740  INFO 13151 --- [           main] ationConfigEmbeddedWebApplicationContext : Closing org.springframework.boot.context.embedded.AnnotationConfigEmbeddedWebApplicationContext@2cdf8d8a: startup date [Sat Sep 08 10:02:56 CST 2018]; root of context hierarchy
2018-09-08 10:03:01.742  INFO 13151 --- [           main] o.s.j.e.a.AnnotationMBeanExporter        : Unregistering JMX-exposed beans on shutdown
2018-09-08 10:03:01.742  INFO 13151 --- [           main] o.s.j.e.a.AnnotationMBeanExporter        : Unregistering JMX-exposed beans
